[21:33:05] [ServerMain/INFO]: Environment: authHost='https://authserver.mojang.com', accountsHost='https://api.mojang.com', sessionHost='https://sessionserver.mojang.com', servicesHost='https://api.minecraftservices.com', name='PROD'
[21:33:05] [ServerMain/WARN]: Missing data pack fabric
[21:33:07] [ServerMain/INFO]: Loaded 7 recipes
[21:33:07] [Server thread/INFO]: Starting minecraft server version 1.20.1
[21:33:07] [Server thread/INFO]: Loading properties
[21:33:07] [Server thread/INFO]: This server is running Paper version git-Paper-196 (MC: 1.20.1) (Implementing API version 1.20.1-R0.1-SNAPSHOT) (Git: 773dd72)
[21:33:08] [Server thread/INFO]: Server Ping Player Sample Count: 12
[21:33:08] [Server thread/INFO]: Using 4 threads for Netty based IO
[21:33:08] [Server thread/WARN]: [!] The timings profiler has been enabled but has been scheduled for removal from Paper in the future.
    We recommend installing the spark profiler as a replacement: https://spark.lucko.me/
    For more information please visit: https://github.com/PaperMC/Paper/issues/8948
[21:33:08] [Server thread/INFO]: [ChunkTaskScheduler] Chunk system is using 1 I/O threads, 1 worker threads, and gen parallelism of 1 threads
[21:33:08] [Server thread/INFO]: Default game type: SURVIVAL
[21:33:08] [Server thread/INFO]: Generating keypair
[21:33:08] [Server thread/INFO]: Starting Minecraft server on *:25565
[21:33:08] [Server thread/INFO]: Using epoll channel type
[21:33:08] [Server thread/INFO]: Paper: Using libdeflate (Linux x86_64) compression from Velocity.
[21:33:08] [Server thread/INFO]: Paper: Using OpenSSL 1.1.x (Linux x86_64) cipher from Velocity.
[21:33:08] [Server thread/INFO]: Server permissions file permissions.yml is empty, ignoring it
[21:33:08] [Server thread/WARN]: **** SERVER IS RUNNING IN OFFLINE/INSECURE MODE!
[21:33:08] [Server thread/WARN]: The server will make no attempt to authenticate usernames. Beware.
[21:33:08] [Server thread/WARN]: While this makes the game possible to play without internet access, it also opens up the ability for hackers to connect with any username they choose.
[21:33:08] [Server thread/WARN]: To change this, set "online-mode" to "true" in the server.properties file.
[21:33:08] [Server thread/INFO]: Preparing level "world"
[21:33:08] [Server thread/INFO]: -------- World Settings For [world] --------
[21:33:08] [Server thread/INFO]: View Distance: 7
[21:33:08] [Server thread/INFO]: Simulation Distance: 9
[21:33:08] [Server thread/INFO]: Item Merge Radius: 2.5
[21:33:08] [Server thread/INFO]: Experience Merge Radius: 3.0
[21:33:08] [Server thread/INFO]: Mob Spawn Range: 6
[21:33:08] [Server thread/INFO]: Item Despawn Rate: 6000
[21:33:08] [Server thread/INFO]: Arrow Despawn Rate: 1200 Trident Respawn Rate:1200
[21:33:08] [Server thread/INFO]: Zombie Aggressive Towards Villager: true
[21:33:08] [Server thread/INFO]: Nerfing mobs spawned from spawners: false
[21:33:08] [Server thread/INFO]: Allow Zombie Pigmen to spawn from portal blocks: true
[21:33:09] [Server thread/INFO]: Cactus Growth Modifier: 100%
[21:33:09] [Server thread/INFO]: Cane Growth Modifier: 100%
[21:33:09] [Server thread/INFO]: Melon Growth Modifier: 100%
[21:33:09] [Server thread/INFO]: Mushroom Growth Modifier: 100%
[21:33:09] [Server thread/INFO]: Pumpkin Growth Modifier: 100%
[21:33:09] [Server thread/INFO]: Sapling Growth Modifier: 100%
[21:33:09] [Server thread/INFO]: Beetroot Growth Modifier: 100%
[21:33:09] [Server thread/INFO]: Carrot Growth Modifier: 100%
[21:33:09] [Server thread/INFO]: Potato Growth Modifier: 100%
[21:33:09] [Server thread/INFO]: TorchFlower Growth Modifier: 100%
[21:33:09] [Server thread/INFO]: Wheat Growth Modifier: 100%
[21:33:09] [Server thread/INFO]: NetherWart Growth Modifier: 100%
[21:33:09] [Server thread/INFO]: Vine Growth Modifier: 100%
[21:33:09] [Server thread/INFO]: Cocoa Growth Modifier: 100%
[21:33:09] [Server thread/INFO]: Bamboo Growth Modifier: 100%
[21:33:09] [Server thread/INFO]: SweetBerry Growth Modifier: 100%
[21:33:09] [Server thread/INFO]: Kelp Growth Modifier: 100%
[21:33:09] [Server thread/INFO]: TwistingVines Growth Modifier: 100%
[21:33:09] [Server thread/INFO]: WeepingVines Growth Modifier: 100%
[21:33:09] [Server thread/INFO]: CaveVines Growth Modifier: 100%
[21:33:09] [Server thread/INFO]: GlowBerry Growth Modifier: 100%
[21:33:09] [Server thread/INFO]: PitcherPlant Growth Modifier: 100%
[21:33:09] [Server thread/INFO]: Entity Activation Range: An 32 / Mo 32 / Ra 48 / Mi 16 / Tiv true / Isa false
[21:33:09] [Server thread/INFO]: Entity Tracking Range: Pl 48 / An 48 / Mo 48 / Mi 32 / Di 128 / Other 64
[21:33:09] [Server thread/INFO]: Hopper Transfer: 8 Hopper Check: 1 Hopper Amount: 1 Hopper Can Load Chunks: false
[21:33:09] [Server thread/INFO]: Custom Map Seeds:  Village: 10387312 Desert: 14357617 Igloo: 14357618 Jungle: 14357619 Swamp: 14357620 Monument: 10387313 Ocean: 14357621 Shipwreck: 165745295 End City: 10387313 Slime: 987234911 Nether: 30084232 Mansion: 10387319 Fossil: 14357921 Portal: 34222645
[21:33:09] [Server thread/INFO]: Max TNT Explosions: 100
[21:33:09] [Server thread/INFO]: Tile Max Tick Time: 50ms Entity max Tick Time: 50ms
[21:33:09] [Server thread/INFO]: -------- World Settings For [world_nether] --------
[21:33:09] [Server thread/INFO]: View Distance: 7
[21:33:09] [Server thread/INFO]: Simulation Distance: 9
[21:33:09] [Server thread/INFO]: Item Merge Radius: 2.5
[21:33:09] [Server thread/INFO]: Experience Merge Radius: 3.0
[21:33:09] [Server thread/INFO]: Mob Spawn Range: 6
[21:33:09] [Server thread/INFO]: Item Despawn Rate: 6000
[21:33:09] [Server thread/INFO]: Arrow Despawn Rate: 1200 Trident Respawn Rate:1200
[21:33:09] [Server thread/INFO]: Zombie Aggressive Towards Villager: true
[21:33:09] [Server thread/INFO]: Nerfing mobs spawned from spawners: false
[21:33:09] [Server thread/INFO]: Allow Zombie Pigmen to spawn from portal blocks: true
[21:33:09] [Server thread/INFO]: Cactus Growth Modifier: 100%
[21:33:09] [Server thread/INFO]: Cane Growth Modifier: 100%
[21:33:09] [Server thread/INFO]: Melon Growth Modifier: 100%
[21:33:09] [Server thread/INFO]: Mushroom Growth Modifier: 100%
[21:33:09] [Server thread/INFO]: Pumpkin Growth Modifier: 100%
[21:33:09] [Server thread/INFO]: Sapling Growth Modifier: 100%
[21:33:09] [Server thread/INFO]: Beetroot Growth Modifier: 100%
[21:33:09] [Server thread/INFO]: Carrot Growth Modifier: 100%
[21:33:09] [Server thread/INFO]: Potato Growth Modifier: 100%
[21:33:09] [Server thread/INFO]: TorchFlower Growth Modifier: 100%
[21:33:09] [Server thread/INFO]: Wheat Growth Modifier: 100%
[21:33:09] [Server thread/INFO]: NetherWart Growth Modifier: 100%
[21:33:09] [Server thread/INFO]: Vine Growth Modifier: 100%
[21:33:09] [Server thread/INFO]: Cocoa Growth Modifier: 100%
[21:33:09] [Server thread/INFO]: Bamboo Growth Modifier: 100%
[21:33:09] [Server thread/INFO]: SweetBerry Growth Modifier: 100%
[21:33:09] [Server thread/INFO]: Kelp Growth Modifier: 100%
[21:33:09] [Server thread/INFO]: TwistingVines Growth Modifier: 100%
[21:33:09] [Server thread/INFO]: WeepingVines Growth Modifier: 100%
[21:33:09] [Server thread/INFO]: CaveVines Growth Modifier: 100%
[21:33:09] [Server thread/INFO]: GlowBerry Growth Modifier: 100%
[21:33:09] [Server thread/INFO]: PitcherPlant Growth Modifier: 100%
[21:33:09] [Server thread/INFO]: Entity Activation Range: An 32 / Mo 32 / Ra 48 / Mi 16 / Tiv true / Isa false
[21:33:09] [Server thread/INFO]: Entity Tracking Range: Pl 48 / An 48 / Mo 48 / Mi 32 / Di 128 / Other 64
[21:33:09] [Server thread/INFO]: Hopper Transfer: 8 Hopper Check: 1 Hopper Amount: 1 Hopper Can Load Chunks: false
[21:33:09] [Server thread/INFO]: Custom Map Seeds:  Village: 10387312 Desert: 14357617 Igloo: 14357618 Jungle: 14357619 Swamp: 14357620 Monument: 10387313 Ocean: 14357621 Shipwreck: 165745295 End City: 10387313 Slime: 987234911 Nether: 30084232 Mansion: 10387319 Fossil: 14357921 Portal: 34222645
[21:33:09] [Server thread/INFO]: Max TNT Explosions: 100
[21:33:09] [Server thread/INFO]: Tile Max Tick Time: 50ms Entity max Tick Time: 50ms
[21:33:09] [Server thread/INFO]: ---- Migration of old the_end folder required ----
[21:33:09] [Server thread/INFO]: Unfortunately due to the way that Minecraft implemented multiworld support in 1.6, Bukkit requires that you move your the_end folder to a new location in order to operate correctly.
[21:33:09] [Server thread/INFO]: We will move this folder for you, but it will mean that you need to move it back should you wish to stop using Bukkit in the future.
[21:33:09] [Server thread/INFO]: Attempting to move world/DIM1 to world_the_end/DIM1...
[21:33:09] [Server thread/INFO]: Success! To restore the_end in the future, simply move world_the_end/DIM1 to world/DIM1
[21:33:09] [Server thread/INFO]: ---- Migration of old the_end folder complete ----
[21:33:09] [Server thread/INFO]: -------- World Settings For [world_the_end] --------
[21:33:09] [Server thread/INFO]: View Distance: 7
[21:33:09] [Server thread/INFO]: Simulation Distance: 9
[21:33:09] [Server thread/INFO]: Item Merge Radius: 2.5
[21:33:09] [Server thread/INFO]: Experience Merge Radius: 3.0
[21:33:09] [Server thread/INFO]: Mob Spawn Range: 6
[21:33:09] [Server thread/INFO]: Item Despawn Rate: 6000
[21:33:09] [Server thread/INFO]: Arrow Despawn Rate: 1200 Trident Respawn Rate:1200
[21:33:09] [Server thread/INFO]: Zombie Aggressive Towards Villager: true
[21:33:09] [Server thread/INFO]: Nerfing mobs spawned from spawners: false
[21:33:09] [Server thread/INFO]: Allow Zombie Pigmen to spawn from portal blocks: true
[21:33:09] [Server thread/INFO]: Cactus Growth Modifier: 100%
[21:33:09] [Server thread/INFO]: Cane Growth Modifier: 100%
[21:33:09] [Server thread/INFO]: Melon Growth Modifier: 100%
[21:33:09] [Server thread/INFO]: Mushroom Growth Modifier: 100%
[21:33:09] [Server thread/INFO]: Pumpkin Growth Modifier: 100%
[21:33:09] [Server thread/INFO]: Sapling Growth Modifier: 100%
[21:33:09] [Server thread/INFO]: Beetroot Growth Modifier: 100%
[21:33:09] [Server thread/INFO]: Carrot Growth Modifier: 100%
[21:33:09] [Server thread/INFO]: Potato Growth Modifier: 100%
[21:33:09] [Server thread/INFO]: TorchFlower Growth Modifier: 100%
[21:33:09] [Server thread/INFO]: Wheat Growth Modifier: 100%
[21:33:09] [Server thread/INFO]: NetherWart Growth Modifier: 100%
[21:33:09] [Server thread/INFO]: Vine Growth Modifier: 100%
[21:33:09] [Server thread/INFO]: Cocoa Growth Modifier: 100%
[21:33:09] [Server thread/INFO]: Bamboo Growth Modifier: 100%
[21:33:09] [Server thread/INFO]: SweetBerry Growth Modifier: 100%
[21:33:09] [Server thread/INFO]: Kelp Growth Modifier: 100%
[21:33:09] [Server thread/INFO]: TwistingVines Growth Modifier: 100%
[21:33:09] [Server thread/INFO]: WeepingVines Growth Modifier: 100%
[21:33:09] [Server thread/INFO]: CaveVines Growth Modifier: 100%
[21:33:09] [Server thread/INFO]: GlowBerry Growth Modifier: 100%
[21:33:09] [Server thread/INFO]: PitcherPlant Growth Modifier: 100%
[21:33:09] [Server thread/INFO]: Entity Activation Range: An 32 / Mo 32 / Ra 48 / Mi 16 / Tiv true / Isa false
[21:33:09] [Server thread/INFO]: Entity Tracking Range: Pl 48 / An 48 / Mo 48 / Mi 32 / Di 128 / Other 64
[21:33:09] [Server thread/INFO]: Hopper Transfer: 8 Hopper Check: 1 Hopper Amount: 1 Hopper Can Load Chunks: false
[21:33:09] [Server thread/INFO]: Custom Map Seeds:  Village: 10387312 Desert: 14357617 Igloo: 14357618 Jungle: 14357619 Swamp: 14357620 Monument: 10387313 Ocean: 14357621 Shipwreck: 165745295 End City: 10387313 Slime: 987234911 Nether: 30084232 Mansion: 10387319 Fossil: 14357921 Portal: 34222645
[21:33:09] [Server thread/INFO]: Max TNT Explosions: 100
[21:33:09] [Server thread/INFO]: Tile Max Tick Time: 50ms Entity max Tick Time: 50ms
[21:33:09] [Server thread/INFO]: Preparing start region for dimension minecraft:overworld
[21:33:09] [Server thread/INFO]: Time elapsed: 333 ms
[21:33:09] [Server thread/INFO]: Preparing start region for dimension minecraft:the_nether
[21:33:10] [Server thread/INFO]: Time elapsed: 117 ms
[21:33:10] [Server thread/INFO]: Preparing start region for dimension minecraft:the_end
[21:33:10] [Server thread/INFO]: Time elapsed: 55 ms
[21:33:10] [Server thread/INFO]: Running delayed init tasks
[21:33:10] [Server thread/INFO]: Done (2.742s)! For help, type "help"
[21:33:10] [Server thread/INFO]: Timings Reset
[21:33:21] [User Authenticator #0/INFO]: UUID of player JustMilaros is 17faf0ce-7657-3f28-a540-4b70c4a9992f
[21:33:21] [Server thread/INFO]: JustMilaros joined the game
[21:33:21] [Server thread/INFO]: JustMilaros[/127.76.223.122:43507] logged in with entity id 431 at ([world]139.745637034901, 74.49520087700593, -399.7238374083039)
[21:33:48] [Server thread/INFO]: JustMilaros issued server command: /datapack
[21:33:53] [Server thread/INFO]: JustMilaros issued server command: /datapack list
[21:40:23] [Server thread/INFO]: JustMilaros lost connection: Disconnected
[21:40:23] [Server thread/INFO]: JustMilaros left the game
[21:41:39] [User Authenticator #1/INFO]: UUID of player JustMilaros is 17faf0ce-7657-3f28-a540-4b70c4a9992f
[21:41:39] [Server thread/INFO]: JustMilaros joined the game
[21:41:39] [Server thread/INFO]: JustMilaros[/127.76.223.122:53593] logged in with entity id 729 at ([world_nether]53.70052877670067, 87.0625, -15.984550557635448)
[21:46:47] [Tuinity Chunk System Worker #0/WARN]: java.lang.RuntimeException: Server attempted to load chunk saved with newer version of minecraft! 3700 > 3465
[21:46:47] [Tuinity Chunk System Worker #0/WARN]: 	at net.minecraft.world.level.chunk.storage.ChunkRegionLoader.loadChunk(ChunkRegionLoader.java:149)
[21:46:47] [Tuinity Chunk System Worker #0/WARN]: 	at io.papermc.paper.chunk.system.scheduling.ChunkLoadTask$ChunkDataLoadTask.runOffMain(ChunkLoadTask.java:338)
[21:46:47] [Tuinity Chunk System Worker #0/WARN]: 	at io.papermc.paper.chunk.system.scheduling.GenericDataLoadTask$ProcessOffMainTask.run(GenericDataLoadTask.java:307)
[21:46:47] [Tuinity Chunk System Worker #0/WARN]: 	at ca.spottedleaf.concurrentutil.executor.standard.PrioritisedThreadedTaskQueue$PrioritisedTask.executeInternal(PrioritisedThreadedTaskQueue.java:351)
[21:46:47] [Tuinity Chunk System Worker #0/WARN]: 	at ca.spottedleaf.concurrentutil.executor.standard.PrioritisedThreadedTaskQueue.executeTask(PrioritisedThreadedTaskQueue.java:118)
[21:46:47] [Tuinity Chunk System Worker #0/WARN]: 	at ca.spottedleaf.concurrentutil.executor.standard.PrioritisedThreadPool$PrioritisedThread.pollTasks(PrioritisedThreadPool.java:274)
[21:46:47] [Tuinity Chunk System Worker #0/WARN]: 	at ca.spottedleaf.concurrentutil.executor.standard.PrioritisedQueueExecutorThread.run(PrioritisedQueueExecutorThread.java:50)
[21:46:47] [Server thread/INFO]: Stopping server
[21:46:47] [Server thread/INFO]: Saving players
[21:46:47] [Server thread/INFO]: JustMilaros lost connection: Día terminado! Gracias por jugar.
[21:46:47] [Server thread/INFO]: JustMilaros left the game
[21:46:48] [Server thread/INFO]: Saving worlds
[21:46:48] [Server thread/INFO]: Saving chunks for level 'ServerLevel[world]'/minecraft:overworld
[21:46:48] [Server thread/INFO]: [ChunkHolderManager] Waiting 60s for chunk system to halt for world 'world'
[21:47:48] [Server thread/WARN]: [ChunkHolderManager] Failed to halt world generation/loading tasks for world 'world'
[21:47:48] [Server thread/INFO]: [ChunkHolderManager] Saving all chunkholders for world 'world'
[21:47:48] [Server thread/INFO]: [ChunkHolderManager] Saved 375 block chunks, 444 entity chunks, 0 poi chunks in world 'world' in 0.48s
[21:47:48] [Server thread/INFO]: ThreadedAnvilChunkStorage (world): All chunks are saved
[21:47:48] [Server thread/INFO]: Saving chunks for level 'ServerLevel[world_nether]'/minecraft:the_nether
[21:47:48] [Server thread/INFO]: [ChunkHolderManager] Waiting 60s for chunk system to halt for world 'world_nether'
[21:47:48] [Server thread/INFO]: [ChunkHolderManager] Halted chunk system for world 'world_nether'
[21:47:48] [Server thread/INFO]: [ChunkHolderManager] Saving all chunkholders for world 'world_nether'
[21:47:48] [Server thread/INFO]: [ChunkHolderManager] Saved 1335 block chunks, 37 entity chunks, 0 poi chunks in world 'world_nether' in 0.36s
[21:47:48] [Server thread/INFO]: ThreadedAnvilChunkStorage (DIM-1): All chunks are saved
[21:47:48] [Server thread/INFO]: Saving chunks for level 'ServerLevel[world_the_end]'/minecraft:the_end
[21:47:48] [Server thread/INFO]: [ChunkHolderManager] Waiting 60s for chunk system to halt for world 'world_the_end'
[21:47:48] [Server thread/INFO]: [ChunkHolderManager] Halted chunk system for world 'world_the_end'
[21:47:48] [Server thread/INFO]: [ChunkHolderManager] Saving all chunkholders for world 'world_the_end'
[21:47:49] [Server thread/INFO]: [ChunkHolderManager] Saved 1496 block chunks, 0 entity chunks, 0 poi chunks in world 'world_the_end' in 0.26s
[21:47:49] [Server thread/INFO]: ThreadedAnvilChunkStorage (DIM1): All chunks are saved
[21:47:49] [Server thread/INFO]: ThreadedAnvilChunkStorage: All dimensions are saved
[21:47:49] [Server thread/INFO]: Flushing Chunk IO
[21:47:49] [Server thread/INFO]: Closing Thread Pool
[21:47:49] [Server thread/INFO]: Closing Server
